[0.322s] DEBUG:colcon:Command line arguments: ['/usr/bin/colcon', 'build']
[0.322s] DEBUG:colcon:Parsed command line arguments: Namespace(log_base=None, log_level=None, verb_name='build', build_base='build', install_base='install', merge_install=False, symlink_install=False, test_result_base=None, continue_on_error=False, executor='parallel', parallel_workers=4, event_handlers=None, ignore_user_meta=False, metas=['./colcon.meta'], base_paths=['.'], packages_ignore=None, packages_ignore_regex=None, paths=None, packages_up_to=None, packages_up_to_regex=None, packages_above=None, packages_above_and_dependencies=None, packages_above_depth=None, packages_select_by_dep=None, packages_skip_by_dep=None, packages_skip_up_to=None, packages_select_build_failed=False, packages_skip_build_finished=False, packages_select_test_failures=False, packages_skip_test_passed=False, packages_select=None, packages_skip=None, packages_select_regex=None, packages_skip_regex=None, packages_start=None, packages_end=None, allow_overriding=[], cmake_args=None, cmake_target=None, cmake_target_skip_unavailable=False, cmake_clean_cache=False, cmake_clean_first=False, cmake_force_configure=False, ament_cmake_args=None, catkin_cmake_args=None, catkin_skip_building_tests=False, mixin_files=None, mixin=None, verb_parser=<colcon_mixin.mixin.mixin_argument.MixinArgumentDecorator object at 0xffff8d611d90>, verb_extension=<colcon_core.verb.build.BuildVerb object at 0xffff8d936a20>, main=<bound method BuildVerb.main of <colcon_core.verb.build.BuildVerb object at 0xffff8d936a20>>, mixin_verb=('build',))
[0.447s] Level 1:colcon.colcon_core.package_discovery:discover_packages(colcon_meta) check parameters
[0.447s] Level 1:colcon.colcon_core.package_discovery:discover_packages(recursive) check parameters
[0.447s] Level 1:colcon.colcon_core.package_discovery:discover_packages(ignore) check parameters
[0.447s] Level 1:colcon.colcon_core.package_discovery:discover_packages(path) check parameters
[0.447s] Level 1:colcon.colcon_core.package_discovery:discover_packages(colcon_meta) discover
[0.447s] Level 1:colcon.colcon_core.package_discovery:discover_packages(recursive) discover
[0.447s] INFO:colcon.colcon_core.package_discovery:Crawling recursively for packages in '/home/jongin/ros2_ws/src/ros2_fundamentals_examples'
[0.447s] Level 1:colcon.colcon_core.package_identification:_identify(.) by extensions ['ignore', 'ignore_ament_install']
[0.448s] Level 1:colcon.colcon_core.package_identification:_identify(.) by extension 'ignore'
[0.448s] Level 1:colcon.colcon_core.package_identification:_identify(.) by extension 'ignore_ament_install'
[0.448s] Level 1:colcon.colcon_core.package_identification:_identify(.) by extensions ['colcon_pkg']
[0.448s] Level 1:colcon.colcon_core.package_identification:_identify(.) by extension 'colcon_pkg'
[0.448s] Level 1:colcon.colcon_core.package_identification:_identify(.) by extensions ['colcon_meta']
[0.448s] Level 1:colcon.colcon_core.package_identification:_identify(.) by extension 'colcon_meta'
[0.448s] Level 1:colcon.colcon_core.package_identification:_identify(.) by extensions ['ros']
[0.448s] Level 1:colcon.colcon_core.package_identification:_identify(.) by extension 'ros'
[0.517s] DEBUG:colcon.colcon_core.package_identification:Package '.' with type 'ros.ament_cmake' and name 'ros2_fundamentals_examples'
[0.517s] Level 1:colcon.colcon_core.package_discovery:discover_packages(recursive) using defaults
[0.517s] Level 1:colcon.colcon_core.package_discovery:discover_packages(ignore) discover
[0.517s] Level 1:colcon.colcon_core.package_discovery:discover_packages(ignore) using defaults
[0.517s] Level 1:colcon.colcon_core.package_discovery:discover_packages(path) discover
[0.517s] Level 1:colcon.colcon_core.package_discovery:discover_packages(path) using defaults
[0.560s] Level 1:colcon.colcon_core.package_discovery:discover_packages(prefix_path) check parameters
[0.560s] Level 1:colcon.colcon_core.package_discovery:discover_packages(prefix_path) discover
[0.568s] DEBUG:colcon.colcon_installed_package_information.package_discovery:Found 430 installed packages in /opt/ros/jazzy
[0.571s] Level 1:colcon.colcon_core.package_discovery:discover_packages(prefix_path) using defaults
[0.660s] Level 5:colcon.colcon_core.verb:set package 'ros2_fundamentals_examples' build argument 'cmake_args' from command line to 'None'
[0.660s] Level 5:colcon.colcon_core.verb:set package 'ros2_fundamentals_examples' build argument 'cmake_target' from command line to 'None'
[0.660s] Level 5:colcon.colcon_core.verb:set package 'ros2_fundamentals_examples' build argument 'cmake_target_skip_unavailable' from command line to 'False'
[0.660s] Level 5:colcon.colcon_core.verb:set package 'ros2_fundamentals_examples' build argument 'cmake_clean_cache' from command line to 'False'
[0.660s] Level 5:colcon.colcon_core.verb:set package 'ros2_fundamentals_examples' build argument 'cmake_clean_first' from command line to 'False'
[0.660s] Level 5:colcon.colcon_core.verb:set package 'ros2_fundamentals_examples' build argument 'cmake_force_configure' from command line to 'False'
[0.660s] Level 5:colcon.colcon_core.verb:set package 'ros2_fundamentals_examples' build argument 'ament_cmake_args' from command line to 'None'
[0.660s] Level 5:colcon.colcon_core.verb:set package 'ros2_fundamentals_examples' build argument 'catkin_cmake_args' from command line to 'None'
[0.660s] Level 5:colcon.colcon_core.verb:set package 'ros2_fundamentals_examples' build argument 'catkin_skip_building_tests' from command line to 'False'
[0.660s] DEBUG:colcon.colcon_core.verb:Building package 'ros2_fundamentals_examples' with the following arguments: {'ament_cmake_args': None, 'build_base': '/home/jongin/ros2_ws/src/ros2_fundamentals_examples/build/ros2_fundamentals_examples', 'catkin_cmake_args': None, 'catkin_skip_building_tests': False, 'cmake_args': None, 'cmake_clean_cache': False, 'cmake_clean_first': False, 'cmake_force_configure': False, 'cmake_target': None, 'cmake_target_skip_unavailable': False, 'install_base': '/home/jongin/ros2_ws/src/ros2_fundamentals_examples/install/ros2_fundamentals_examples', 'merge_install': False, 'path': '/home/jongin/ros2_ws/src/ros2_fundamentals_examples', 'symlink_install': False, 'test_result_base': None}
[0.660s] INFO:colcon.colcon_core.executor:Executing jobs using 'parallel' executor
[0.662s] DEBUG:colcon.colcon_parallel_executor.executor.parallel:run_until_complete
[0.663s] INFO:colcon.colcon_ros.task.ament_cmake.build:Building ROS package in '/home/jongin/ros2_ws/src/ros2_fundamentals_examples' with build type 'ament_cmake'
[0.664s] INFO:colcon.colcon_cmake.task.cmake.build:Building CMake package in '/home/jongin/ros2_ws/src/ros2_fundamentals_examples'
[0.680s] INFO:colcon.colcon_core.plugin_system:Skipping extension 'colcon_core.shell.bat': Not used on non-Windows systems
[0.681s] INFO:colcon.colcon_core.shell:Skip shell extension 'powershell' for command environment: Not usable outside of PowerShell
[0.681s] DEBUG:colcon.colcon_core.shell:Skip shell extension 'dsv' for command environment
[0.692s] DEBUG:colcon.colcon_core.event_handler.log_command:Invoking command in '/home/jongin/ros2_ws/src/ros2_fundamentals_examples/build/ros2_fundamentals_examples': CMAKE_PREFIX_PATH=${CMAKE_PREFIX_PATH}:/opt/ros/jazzy DEBUGINFOD_URLS=https://debuginfod.ubuntu.com /usr/bin/cmake /home/jongin/ros2_ws/src/ros2_fundamentals_examples -DCMAKE_INSTALL_PREFIX=/home/jongin/ros2_ws/src/ros2_fundamentals_examples/install/ros2_fundamentals_examples
[4.432s] DEBUG:colcon.colcon_core.event_handler.log_command:Invoked command in '/home/jongin/ros2_ws/src/ros2_fundamentals_examples/build/ros2_fundamentals_examples' returned '0': CMAKE_PREFIX_PATH=${CMAKE_PREFIX_PATH}:/opt/ros/jazzy DEBUGINFOD_URLS=https://debuginfod.ubuntu.com /usr/bin/cmake /home/jongin/ros2_ws/src/ros2_fundamentals_examples -DCMAKE_INSTALL_PREFIX=/home/jongin/ros2_ws/src/ros2_fundamentals_examples/install/ros2_fundamentals_examples
[4.434s] DEBUG:colcon.colcon_core.event_handler.log_command:Invoking command in '/home/jongin/ros2_ws/src/ros2_fundamentals_examples/build/ros2_fundamentals_examples': CMAKE_PREFIX_PATH=${CMAKE_PREFIX_PATH}:/opt/ros/jazzy DEBUGINFOD_URLS=https://debuginfod.ubuntu.com /usr/bin/cmake --build /home/jongin/ros2_ws/src/ros2_fundamentals_examples/build/ros2_fundamentals_examples -- -j4 -l4
[14.986s] DEBUG:colcon.colcon_core.event_handler.log_command:Invoked command in '/home/jongin/ros2_ws/src/ros2_fundamentals_examples/build/ros2_fundamentals_examples' returned '0': CMAKE_PREFIX_PATH=${CMAKE_PREFIX_PATH}:/opt/ros/jazzy DEBUGINFOD_URLS=https://debuginfod.ubuntu.com /usr/bin/cmake --build /home/jongin/ros2_ws/src/ros2_fundamentals_examples/build/ros2_fundamentals_examples -- -j4 -l4
[15.007s] DEBUG:colcon.colcon_core.event_handler.log_command:Invoking command in '/home/jongin/ros2_ws/src/ros2_fundamentals_examples/build/ros2_fundamentals_examples': CMAKE_PREFIX_PATH=${CMAKE_PREFIX_PATH}:/opt/ros/jazzy DEBUGINFOD_URLS=https://debuginfod.ubuntu.com /usr/bin/cmake --install /home/jongin/ros2_ws/src/ros2_fundamentals_examples/build/ros2_fundamentals_examples
[15.110s] Level 1:colcon.colcon_core.environment:create_environment_scripts_only(ros2_fundamentals_examples)
[15.111s] DEBUG:colcon.colcon_core.event_handler.log_command:Invoked command in '/home/jongin/ros2_ws/src/ros2_fundamentals_examples/build/ros2_fundamentals_examples' returned '0': CMAKE_PREFIX_PATH=${CMAKE_PREFIX_PATH}:/opt/ros/jazzy DEBUGINFOD_URLS=https://debuginfod.ubuntu.com /usr/bin/cmake --install /home/jongin/ros2_ws/src/ros2_fundamentals_examples/build/ros2_fundamentals_examples
[15.123s] Level 1:colcon.colcon_core.environment:checking '/home/jongin/ros2_ws/src/ros2_fundamentals_examples/install/ros2_fundamentals_examples' for CMake module files
[15.124s] Level 1:colcon.colcon_core.environment:checking '/home/jongin/ros2_ws/src/ros2_fundamentals_examples/install/ros2_fundamentals_examples' for CMake config files
[15.124s] Level 1:colcon.colcon_core.shell:create_environment_hook('ros2_fundamentals_examples', 'cmake_prefix_path')
[15.125s] INFO:colcon.colcon_core.shell:Creating environment hook '/home/jongin/ros2_ws/src/ros2_fundamentals_examples/install/ros2_fundamentals_examples/share/ros2_fundamentals_examples/hook/cmake_prefix_path.ps1'
[15.126s] INFO:colcon.colcon_core.shell:Creating environment descriptor '/home/jongin/ros2_ws/src/ros2_fundamentals_examples/install/ros2_fundamentals_examples/share/ros2_fundamentals_examples/hook/cmake_prefix_path.dsv'
[15.127s] INFO:colcon.colcon_core.shell:Creating environment hook '/home/jongin/ros2_ws/src/ros2_fundamentals_examples/install/ros2_fundamentals_examples/share/ros2_fundamentals_examples/hook/cmake_prefix_path.sh'
[15.129s] Level 1:colcon.colcon_core.environment:checking '/home/jongin/ros2_ws/src/ros2_fundamentals_examples/install/ros2_fundamentals_examples/lib'
[15.129s] Level 1:colcon.colcon_core.environment:checking '/home/jongin/ros2_ws/src/ros2_fundamentals_examples/install/ros2_fundamentals_examples/bin'
[15.129s] Level 1:colcon.colcon_core.environment:checking '/home/jongin/ros2_ws/src/ros2_fundamentals_examples/install/ros2_fundamentals_examples/lib/pkgconfig/ros2_fundamentals_examples.pc'
[15.129s] Level 1:colcon.colcon_core.environment:checking '/home/jongin/ros2_ws/src/ros2_fundamentals_examples/install/ros2_fundamentals_examples/lib/python3.12/site-packages'
[15.130s] Level 1:colcon.colcon_core.shell:create_environment_hook('ros2_fundamentals_examples', 'pythonpath')
[15.130s] INFO:colcon.colcon_core.shell:Creating environment hook '/home/jongin/ros2_ws/src/ros2_fundamentals_examples/install/ros2_fundamentals_examples/share/ros2_fundamentals_examples/hook/pythonpath.ps1'
[15.130s] INFO:colcon.colcon_core.shell:Creating environment descriptor '/home/jongin/ros2_ws/src/ros2_fundamentals_examples/install/ros2_fundamentals_examples/share/ros2_fundamentals_examples/hook/pythonpath.dsv'
[15.131s] INFO:colcon.colcon_core.shell:Creating environment hook '/home/jongin/ros2_ws/src/ros2_fundamentals_examples/install/ros2_fundamentals_examples/share/ros2_fundamentals_examples/hook/pythonpath.sh'
[15.132s] Level 1:colcon.colcon_core.environment:checking '/home/jongin/ros2_ws/src/ros2_fundamentals_examples/install/ros2_fundamentals_examples/bin'
[15.132s] INFO:colcon.colcon_core.shell:Creating package script '/home/jongin/ros2_ws/src/ros2_fundamentals_examples/install/ros2_fundamentals_examples/share/ros2_fundamentals_examples/package.ps1'
[15.134s] INFO:colcon.colcon_core.shell:Creating package descriptor '/home/jongin/ros2_ws/src/ros2_fundamentals_examples/install/ros2_fundamentals_examples/share/ros2_fundamentals_examples/package.dsv'
[15.135s] INFO:colcon.colcon_core.shell:Creating package script '/home/jongin/ros2_ws/src/ros2_fundamentals_examples/install/ros2_fundamentals_examples/share/ros2_fundamentals_examples/package.sh'
[15.160s] INFO:colcon.colcon_core.shell:Creating package script '/home/jongin/ros2_ws/src/ros2_fundamentals_examples/install/ros2_fundamentals_examples/share/ros2_fundamentals_examples/package.bash'
[15.162s] INFO:colcon.colcon_core.shell:Creating package script '/home/jongin/ros2_ws/src/ros2_fundamentals_examples/install/ros2_fundamentals_examples/share/ros2_fundamentals_examples/package.zsh'
[15.164s] Level 1:colcon.colcon_core.environment:create_file_with_runtime_dependencies(/home/jongin/ros2_ws/src/ros2_fundamentals_examples/install/ros2_fundamentals_examples/share/colcon-core/packages/ros2_fundamentals_examples)
[15.165s] Level 1:colcon.colcon_core.environment:create_environment_scripts_only(ros2_fundamentals_examples)
[15.165s] Level 1:colcon.colcon_core.environment:checking '/home/jongin/ros2_ws/src/ros2_fundamentals_examples/install/ros2_fundamentals_examples' for CMake module files
[15.166s] Level 1:colcon.colcon_core.environment:checking '/home/jongin/ros2_ws/src/ros2_fundamentals_examples/install/ros2_fundamentals_examples' for CMake config files
[15.167s] Level 1:colcon.colcon_core.shell:create_environment_hook('ros2_fundamentals_examples', 'cmake_prefix_path')
[15.167s] INFO:colcon.colcon_core.shell:Creating environment hook '/home/jongin/ros2_ws/src/ros2_fundamentals_examples/install/ros2_fundamentals_examples/share/ros2_fundamentals_examples/hook/cmake_prefix_path.ps1'
[15.167s] INFO:colcon.colcon_core.shell:Creating environment descriptor '/home/jongin/ros2_ws/src/ros2_fundamentals_examples/install/ros2_fundamentals_examples/share/ros2_fundamentals_examples/hook/cmake_prefix_path.dsv'
[15.189s] INFO:colcon.colcon_core.shell:Creating environment hook '/home/jongin/ros2_ws/src/ros2_fundamentals_examples/install/ros2_fundamentals_examples/share/ros2_fundamentals_examples/hook/cmake_prefix_path.sh'
[15.204s] Level 1:colcon.colcon_core.environment:checking '/home/jongin/ros2_ws/src/ros2_fundamentals_examples/install/ros2_fundamentals_examples/lib'
[15.204s] Level 1:colcon.colcon_core.environment:checking '/home/jongin/ros2_ws/src/ros2_fundamentals_examples/install/ros2_fundamentals_examples/bin'
[15.204s] Level 1:colcon.colcon_core.environment:checking '/home/jongin/ros2_ws/src/ros2_fundamentals_examples/install/ros2_fundamentals_examples/lib/pkgconfig/ros2_fundamentals_examples.pc'
[15.205s] Level 1:colcon.colcon_core.environment:checking '/home/jongin/ros2_ws/src/ros2_fundamentals_examples/install/ros2_fundamentals_examples/lib/python3.12/site-packages'
[15.205s] Level 1:colcon.colcon_core.shell:create_environment_hook('ros2_fundamentals_examples', 'pythonpath')
[15.205s] INFO:colcon.colcon_core.shell:Creating environment hook '/home/jongin/ros2_ws/src/ros2_fundamentals_examples/install/ros2_fundamentals_examples/share/ros2_fundamentals_examples/hook/pythonpath.ps1'
[15.224s] INFO:colcon.colcon_core.shell:Creating environment descriptor '/home/jongin/ros2_ws/src/ros2_fundamentals_examples/install/ros2_fundamentals_examples/share/ros2_fundamentals_examples/hook/pythonpath.dsv'
[15.245s] INFO:colcon.colcon_core.shell:Creating environment hook '/home/jongin/ros2_ws/src/ros2_fundamentals_examples/install/ros2_fundamentals_examples/share/ros2_fundamentals_examples/hook/pythonpath.sh'
[15.260s] Level 1:colcon.colcon_core.environment:checking '/home/jongin/ros2_ws/src/ros2_fundamentals_examples/install/ros2_fundamentals_examples/bin'
[15.261s] INFO:colcon.colcon_core.shell:Creating package script '/home/jongin/ros2_ws/src/ros2_fundamentals_examples/install/ros2_fundamentals_examples/share/ros2_fundamentals_examples/package.ps1'
[15.279s] INFO:colcon.colcon_core.shell:Creating package descriptor '/home/jongin/ros2_ws/src/ros2_fundamentals_examples/install/ros2_fundamentals_examples/share/ros2_fundamentals_examples/package.dsv'
[15.300s] INFO:colcon.colcon_core.shell:Creating package script '/home/jongin/ros2_ws/src/ros2_fundamentals_examples/install/ros2_fundamentals_examples/share/ros2_fundamentals_examples/package.sh'
[15.315s] INFO:colcon.colcon_core.shell:Creating package script '/home/jongin/ros2_ws/src/ros2_fundamentals_examples/install/ros2_fundamentals_examples/share/ros2_fundamentals_examples/package.bash'
[15.337s] INFO:colcon.colcon_core.shell:Creating package script '/home/jongin/ros2_ws/src/ros2_fundamentals_examples/install/ros2_fundamentals_examples/share/ros2_fundamentals_examples/package.zsh'
[15.358s] Level 1:colcon.colcon_core.environment:create_file_with_runtime_dependencies(/home/jongin/ros2_ws/src/ros2_fundamentals_examples/install/ros2_fundamentals_examples/share/colcon-core/packages/ros2_fundamentals_examples)
[15.372s] DEBUG:colcon.colcon_parallel_executor.executor.parallel:closing loop
[15.373s] DEBUG:colcon.colcon_parallel_executor.executor.parallel:loop closed
[15.373s] DEBUG:colcon.colcon_parallel_executor.executor.parallel:run_until_complete finished with '0'
[15.373s] DEBUG:colcon.colcon_core.event_reactor:joining thread
[15.402s] INFO:colcon.colcon_core.plugin_system:Skipping extension 'colcon_notification.desktop_notification.terminal_notifier': Not used on non-Darwin systems
[15.402s] INFO:colcon.colcon_core.plugin_system:Skipping extension 'colcon_notification.desktop_notification.win32': Not used on non-Windows systems
[15.402s] INFO:colcon.colcon_notification.desktop_notification:Sending desktop notification using 'notify2'
[15.468s] DEBUG:colcon.colcon_core.event_reactor:joined thread
[15.469s] INFO:colcon.colcon_core.shell:Creating prefix script '/home/jongin/ros2_ws/src/ros2_fundamentals_examples/install/local_setup.ps1'
[15.471s] INFO:colcon.colcon_core.shell:Creating prefix util module '/home/jongin/ros2_ws/src/ros2_fundamentals_examples/install/_local_setup_util_ps1.py'
[15.475s] INFO:colcon.colcon_core.shell:Creating prefix chain script '/home/jongin/ros2_ws/src/ros2_fundamentals_examples/install/setup.ps1'
[15.478s] INFO:colcon.colcon_core.shell:Creating prefix script '/home/jongin/ros2_ws/src/ros2_fundamentals_examples/install/local_setup.sh'
[15.481s] INFO:colcon.colcon_core.shell:Creating prefix util module '/home/jongin/ros2_ws/src/ros2_fundamentals_examples/install/_local_setup_util_sh.py'
[15.483s] INFO:colcon.colcon_core.shell:Creating prefix chain script '/home/jongin/ros2_ws/src/ros2_fundamentals_examples/install/setup.sh'
[15.486s] INFO:colcon.colcon_core.shell:Creating prefix script '/home/jongin/ros2_ws/src/ros2_fundamentals_examples/install/local_setup.bash'
[15.490s] INFO:colcon.colcon_core.shell:Creating prefix chain script '/home/jongin/ros2_ws/src/ros2_fundamentals_examples/install/setup.bash'
[15.493s] INFO:colcon.colcon_core.shell:Creating prefix script '/home/jongin/ros2_ws/src/ros2_fundamentals_examples/install/local_setup.zsh'
[15.495s] INFO:colcon.colcon_core.shell:Creating prefix chain script '/home/jongin/ros2_ws/src/ros2_fundamentals_examples/install/setup.zsh'
